OPL3GM_VSTi\.gitignore
OPL3GM_VSTi\Banks
OPL3GM_VSTi\build.bat
OPL3GM_VSTi\builddemo.bat
OPL3GM_VSTi\dsp
OPL3GM_VSTi\fmopl3lib
OPL3GM_VSTi\gui_rules.txt
OPL3GM_VSTi\include
OPL3GM_VSTi\install.iss
OPL3GM_VSTi\interface.h
OPL3GM_VSTi\license.txt
OPL3GM_VSTi\readme.md
OPL3GM_VSTi\res
OPL3GM_VSTi\scripts
OPL3GM_VSTi\src
OPL3GM_VSTi\synthlib_apogee
OPL3GM_VSTi\synthlib_doom
OPL3GM_VSTi\synthlib_w9x
OPL3GM_VSTi\zip-src.lst
OPL3GM_VSTi\zip.lst
OPL3GM_VSTi\zip_IA64.lst
OPL3GM_VSTi\zip_X64.lst
OPL3GM_VSTi\zip_X86.lst